2021-08-21 13:54:59.486  INFO 4326 --- [restartedMain] com.hyecheon.antteshop.ApplicationKt     : Starting ApplicationKt using Java 11.0.12 on ihyecheon-ui-MacBookPro.local with PID 4326 (/Users/ihyecheon/Desktop/Work/github/AntteShop/out/production/classes started by ihyecheon in /Users/ihyecheon/Desktop/Work/github/AntteShop)
2021-08-21 13:54:59.491  INFO 4326 --- [restartedMain] com.hyecheon.antteshop.ApplicationKt     : No active profile set, falling back to default profiles: default
2021-08-21 13:54:59.518  INFO 4326 --- [restartedMain] .e.DevToolsPropertyDefaultsPostProcessor : Devtools property defaults active! Set 'spring.devtools.add-properties' to 'false' to disable
2021-08-21 13:54:59.519  INFO 4326 --- [restartedMain] .e.DevToolsPropertyDefaultsPostProcessor : For additional web related logging consider setting the 'logging.level.web' property to 'DEBUG'
2021-08-21 13:55:00.136  INFO 4326 --- [restartedMain] .s.d.r.c.RepositoryConfigurationDelegate : Bootstrapping Spring Data JPA repositories in DEFAULT mode.
2021-08-21 13:55:00.158  INFO 4326 --- [restartedMain] .s.d.r.c.RepositoryConfigurationDelegate : Finished Spring Data repository scanning in 19 ms. Found 2 JPA repository interfaces.
2021-08-21 13:55:00.443  INFO 4326 --- [restartedMain] o.s.b.w.embedded.tomcat.TomcatWebServer  : Tomcat initialized with port(s): 8080 (http)
2021-08-21 13:55:00.447  INFO 4326 --- [restartedMain] o.apache.catalina.core.StandardService   : Starting service [Tomcat]
2021-08-21 13:55:00.447  INFO 4326 --- [restartedMain] org.apache.catalina.core.StandardEngine  : Starting Servlet engine: [Apache Tomcat/9.0.50]
2021-08-21 13:55:00.485  INFO 4326 --- [restartedMain] o.a.c.c.C.[Tomcat].[localhost].[/]       : Initializing Spring embedded WebApplicationContext
2021-08-21 13:55:00.485  INFO 4326 --- [restartedMain] w.s.c.ServletWebServerApplicationContext : Root WebApplicationContext: initialization completed in 966 ms
2021-08-21 13:55:00.562  INFO 4326 --- [restartedMain] com.zaxxer.hikari.HikariDataSource       : HikariPool-1 - Starting...
2021-08-21 13:55:00.604  INFO 4326 --- [restartedMain] com.zaxxer.hikari.HikariDataSource       : HikariPool-1 - Start completed.
2021-08-21 13:55:00.608  INFO 4326 --- [restartedMain] o.s.b.a.h2.H2ConsoleAutoConfiguration    : H2 console available at '/h2-console'. Database available at 'jdbc:mariadb://localhost:3306/antte-shop'
2021-08-21 13:55:00.696  INFO 4326 --- [restartedMain] o.hibernate.jpa.internal.util.LogHelper  : HHH000204: Processing PersistenceUnitInfo [name: default]
2021-08-21 13:55:00.720  INFO 4326 --- [restartedMain] org.hibernate.Version                    : HHH000412: Hibernate ORM core version 5.4.32.Final
2021-08-21 13:55:00.783  INFO 4326 --- [restartedMain] o.hibernate.annotations.common.Version   : HCANN000001: Hibernate Commons Annotations {5.1.2.Final}
2021-08-21 13:55:00.818  INFO 4326 --- [restartedMain] org.hibernate.dialect.Dialect            : HHH000400: Using dialect: org.hibernate.dialect.MariaDB103Dialect
2021-08-21 13:55:01.064  INFO 4326 --- [restartedMain] p6spy                                    : #1629521701064 | took 3ms | statement | connection 2| url jdbc:mariadb://localhost:3306/antte-shop
select table_name from information_schema.TABLES where table_schema = database() and table_type = 'SEQUENCE'
select table_name from information_schema.TABLES where table_schema = database() and table_type = 'SEQUENCE';
2021-08-21 13:55:01.099  INFO 4326 --- [restartedMain] o.h.e.t.j.p.i.JtaPlatformInitiator       : HHH000490: Using JtaPlatform implementation: [org.hibernate.engine.transaction.jta.platform.internal.NoJtaPlatform]
2021-08-21 13:55:01.104  INFO 4326 --- [restartedMain] j.LocalContainerEntityManagerFactoryBean : Initialized JPA EntityManagerFactory for persistence unit 'default'
2021-08-21 13:55:01.234  WARN 4326 --- [restartedMain] JpaBaseConfiguration$JpaWebConfiguration : spring.jpa.open-in-view is enabled by default. Therefore, database queries may be performed during view rendering. Explicitly configure spring.jpa.open-in-view to disable this warning
2021-08-21 13:55:01.380  INFO 4326 --- [restartedMain] .s.s.UserDetailsServiceAutoConfiguration : 

Using generated security password: 62448c2d-a36e-4c45-bfa7-66792dc8f879

2021-08-21 13:55:01.416  INFO 4326 --- [restartedMain] o.s.s.web.DefaultSecurityFilterChain     : Will secure any request with [org.springframework.security.web.context.request.async.WebAsyncManagerIntegrationFilter@4754b8cb, org.springframework.security.web.context.SecurityContextPersistenceFilter@1deb7474, org.springframework.security.web.header.HeaderWriterFilter@12f4b07b, org.springframework.security.web.authentication.logout.LogoutFilter@27abfb0c, org.springframework.security.web.savedrequest.RequestCacheAwareFilter@3905c3c, org.springframework.security.web.servletapi.SecurityContextHolderAwareRequestFilter@1b03f0e5, org.springframework.security.web.authentication.AnonymousAuthenticationFilter@40df401c, org.springframework.security.web.session.SessionManagementFilter@f5eecb0, org.springframework.security.web.access.ExceptionTranslationFilter@db41a3, org.springframework.security.web.access.intercept.FilterSecurityInterceptor@7d109745]
2021-08-21 13:55:01.518  INFO 4326 --- [restartedMain] o.s.b.a.w.s.WelcomePageHandlerMapping    : Adding welcome page template: index
2021-08-21 13:55:01.694  INFO 4326 --- [restartedMain] o.s.b.d.a.OptionalLiveReloadServer       : LiveReload server is running on port 35729
2021-08-21 13:55:01.697  INFO 4326 --- [restartedMain] o.s.b.a.e.web.EndpointLinksResolver      : Exposing 1 endpoint(s) beneath base path '/actuator'
2021-08-21 13:55:01.735  INFO 4326 --- [restartedMain] o.s.b.w.embedded.tomcat.TomcatWebServer  : Tomcat started on port(s): 8080 (http) with context path ''
2021-08-21 13:55:01.745  INFO 4326 --- [restartedMain] com.hyecheon.antteshop.ApplicationKt     : Started ApplicationKt in 2.499 seconds (JVM running for 3.011)
2021-08-21 13:55:45.244  INFO 4326 --- [http-nio-8080-exec-1] o.a.c.c.C.[Tomcat].[localhost].[/]       : Initializing Spring DispatcherServlet 'dispatcherServlet'
2021-08-21 13:55:45.244  INFO 4326 --- [http-nio-8080-exec-1] o.s.web.servlet.DispatcherServlet        : Initializing Servlet 'dispatcherServlet'
2021-08-21 13:55:45.246  INFO 4326 --- [http-nio-8080-exec-1] o.s.web.servlet.DispatcherServlet        : Completed initialization in 2 ms
2021-08-21 13:55:45.376 ERROR 4326 --- [http-nio-8080-exec-1] o.a.c.c.C.[.[.[/].[dispatcherServlet]    : Servlet.service() for servlet [dispatcherServlet] in context with path [] threw exception

java.net.UnknownHostException: Users
	at java.base/java.net.AbstractPlainSocketImpl.connect(AbstractPlainSocketImpl.java:220) ~[na:na]
	at java.base/java.net.Socket.connect(Socket.java:609) ~[na:na]
	at java.base/sun.net.ftp.impl.FtpClient.doConnect(FtpClient.java:1062) ~[na:na]
	at java.base/sun.net.ftp.impl.FtpClient.tryConnect(FtpClient.java:1024) ~[na:na]
	at java.base/sun.net.ftp.impl.FtpClient.connect(FtpClient.java:1119) ~[na:na]
	at java.base/sun.net.ftp.impl.FtpClient.connect(FtpClient.java:1105) ~[na:na]
	at java.base/sun.net.www.protocol.ftp.FtpURLConnection.connect(FtpURLConnection.java:312) ~[na:na]
	at java.base/sun.net.www.protocol.ftp.FtpURLConnection.getInputStream(FtpURLConnection.java:418) ~[na:na]
	at org.springframework.core.io.UrlResource.getInputStream(UrlResource.java:186) ~[spring-core-5.3.9.jar:5.3.9]
	at org.springframework.http.converter.ResourceHttpMessageConverter.writeContent(ResourceHttpMessageConverter.java:135) ~[spring-web-5.3.9.jar:5.3.9]
	at org.springframework.http.converter.ResourceHttpMessageConverter.writeInternal(ResourceHttpMessageConverter.java:129) ~[spring-web-5.3.9.jar:5.3.9]
	at org.springframework.http.converter.ResourceHttpMessageConverter.writeInternal(ResourceHttpMessageConverter.java:45) ~[spring-web-5.3.9.jar:5.3.9]
	at org.springframework.http.converter.AbstractHttpMessageConverter.write(AbstractHttpMessageConverter.java:227) ~[spring-web-5.3.9.jar:5.3.9]
	at org.springframework.web.servlet.resource.ResourceHttpRequestHandler.handleRequest(ResourceHttpRequestHandler.java:555) ~[spring-webmvc-5.3.9.jar:5.3.9]
	at org.springframework.web.servlet.mvc.HttpRequestHandlerAdapter.handle(HttpRequestHandlerAdapter.java:52) ~[spring-webmvc-5.3.9.jar:5.3.9]
	at org.springframework.web.servlet.DispatcherServlet.doDispatch(DispatcherServlet.java:1064) ~[spring-webmvc-5.3.9.jar:5.3.9]
	at org.springframework.web.servlet.DispatcherServlet.doService(DispatcherServlet.java:963) ~[spring-webmvc-5.3.9.jar:5.3.9]
	at org.springframework.web.servlet.FrameworkServlet.processRequest(FrameworkServlet.java:1006) ~[spring-webmvc-5.3.9.jar:5.3.9]
	at org.springframework.web.servlet.FrameworkServlet.doGet(FrameworkServlet.java:898) ~[spring-webmvc-5.3.9.jar:5.3.9]
	at javax.servlet.http.HttpServlet.service(HttpServlet.java:655) ~[tomcat-embed-core-9.0.50.jar:4.0.FR]
	at org.springframework.web.servlet.FrameworkServlet.service(FrameworkServlet.java:883) ~[spring-webmvc-5.3.9.jar:5.3.9]
	at javax.servlet.http.HttpServlet.service(HttpServlet.java:764) ~[tomcat-embed-core-9.0.50.jar:4.0.FR]
	at org.apache.catalina.core.ApplicationFilterChain.internalDoFilter(ApplicationFilterChain.java:228) ~[tomcat-embed-core-9.0.50.jar:9.0.50]
	at org.apache.catalina.core.ApplicationFilterChain.doFilter(ApplicationFilterChain.java:163) ~[tomcat-embed-core-9.0.50.jar:9.0.50]
	at org.apache.tomcat.websocket.server.WsFilter.doFilter(WsFilter.java:53) ~[tomcat-embed-websocket-9.0.50.jar:9.0.50]
	at org.apache.catalina.core.ApplicationFilterChain.internalDoFilter(ApplicationFilterChain.java:190) ~[tomcat-embed-core-9.0.50.jar:9.0.50]
	at org.apache.catalina.core.ApplicationFilterChain.doFilter(ApplicationFilterChain.java:163) ~[tomcat-embed-core-9.0.50.jar:9.0.50]
	at org.springframework.security.web.FilterChainProxy$VirtualFilterChain.doFilter(FilterChainProxy.java:327) ~[spring-security-web-5.5.1.jar:5.5.1]
	at org.springframework.security.web.access.intercept.FilterSecurityInterceptor.invoke(FilterSecurityInterceptor.java:115) ~[spring-security-web-5.5.1.jar:5.5.1]
	at org.springframework.security.web.access.intercept.FilterSecurityInterceptor.doFilter(FilterSecurityInterceptor.java:81) ~[spring-security-web-5.5.1.jar:5.5.1]
	at org.springframework.security.web.FilterChainProxy$VirtualFilterChain.doFilter(FilterChainProxy.java:336) ~[spring-security-web-5.5.1.jar:5.5.1]
	at org.springframework.security.web.access.ExceptionTranslationFilter.doFilter(ExceptionTranslationFilter.java:121) ~[spring-security-web-5.5.1.jar:5.5.1]
	at org.springframework.security.web.access.ExceptionTranslationFilter.doFilter(ExceptionTranslationFilter.java:115) ~[spring-security-web-5.5.1.jar:5.5.1]
	at org.springframework.security.web.FilterChainProxy$VirtualFilterChain.doFilter(FilterChainProxy.java:336) ~[spring-security-web-5.5.1.jar:5.5.1]
	at org.springframework.security.web.session.SessionManagementFilter.doFilter(SessionManagementFilter.java:126) ~[spring-security-web-5.5.1.jar:5.5.1]
	at org.springframework.security.web.session.SessionManagementFilter.doFilter(SessionManagementFilter.java:81) ~[spring-security-web-5.5.1.jar:5.5.1]
	at org.springframework.security.web.FilterChainProxy$VirtualFilterChain.doFilter(FilterChainProxy.java:336) ~[spring-security-web-5.5.1.jar:5.5.1]
	at org.springframework.security.web.authentication.AnonymousAuthenticationFilter.doFilter(AnonymousAuthenticationFilter.java:105) ~[spring-security-web-5.5.1.jar:5.5.1]
	at org.springframework.security.web.FilterChainProxy$VirtualFilterChain.doFilter(FilterChainProxy.java:336) ~[spring-security-web-5.5.1.jar:5.5.1]
	at org.springframework.security.web.servletapi.SecurityContextHolderAwareRequestFilter.doFilter(SecurityContextHolderAwareRequestFilter.java:149) ~[spring-security-web-5.5.1.jar:5.5.1]
	at org.springframework.security.web.FilterChainProxy$VirtualFilterChain.doFilter(FilterChainProxy.java:336) ~[spring-security-web-5.5.1.jar:5.5.1]
	at org.springframework.security.web.savedrequest.RequestCacheAwareFilter.doFilter(RequestCacheAwareFilter.java:63) ~[spring-security-web-5.5.1.jar:5.5.1]
	at org.springframework.security.web.FilterChainProxy$VirtualFilterChain.doFilter(FilterChainProxy.java:336) ~[spring-security-web-5.5.1.jar:5.5.1]
	at org.springframework.security.web.authentication.logout.LogoutFilter.doFilter(LogoutFilter.java:103) ~[spring-security-web-5.5.1.jar:5.5.1]
	at org.springframework.security.web.authentication.logout.LogoutFilter.doFilter(LogoutFilter.java:89) ~[spring-security-web-5.5.1.jar:5.5.1]
	at org.springframework.security.web.FilterChainProxy$VirtualFilterChain.doFilter(FilterChainProxy.java:336) ~[spring-security-web-5.5.1.jar:5.5.1]
	at org.springframework.security.web.header.HeaderWriterFilter.doHeadersAfter(HeaderWriterFilter.java:90) ~[spring-security-web-5.5.1.jar:5.5.1]
	at org.springframework.security.web.header.HeaderWriterFilter.doFilterInternal(HeaderWriterFilter.java:75) ~[spring-security-web-5.5.1.jar:5.5.1]
	at org.springframework.web.filter.OncePerRequestFilter.doFilter(OncePerRequestFilter.java:119) ~[spring-web-5.3.9.jar:5.3.9]
	at org.springframework.security.web.FilterChainProxy$VirtualFilterChain.doFilter(FilterChainProxy.java:336) ~[spring-security-web-5.5.1.jar:5.5.1]
	at org.springframework.security.web.context.SecurityContextPersistenceFilter.doFilter(SecurityContextPersistenceFilter.java:110) ~[spring-security-web-5.5.1.jar:5.5.1]
	at org.springframework.security.web.context.SecurityContextPersistenceFilter.doFilter(SecurityContextPersistenceFilter.java:80) ~[spring-security-web-5.5.1.jar:5.5.1]
	at org.springframework.security.web.FilterChainProxy$VirtualFilterChain.doFilter(FilterChainProxy.java:336) ~[spring-security-web-5.5.1.jar:5.5.1]
	at org.springframework.security.web.context.request.async.WebAsyncManagerIntegrationFilter.doFilterInternal(WebAsyncManagerIntegrationFilter.java:55) ~[spring-security-web-5.5.1.jar:5.5.1]
	at org.springframework.web.filter.OncePerRequestFilter.doFilter(OncePerRequestFilter.java:119) ~[spring-web-5.3.9.jar:5.3.9]
	at org.springframework.security.web.FilterChainProxy$VirtualFilterChain.doFilter(FilterChainProxy.java:336) ~[spring-security-web-5.5.1.jar:5.5.1]
	at org.springframework.security.web.FilterChainProxy.doFilterInternal(FilterChainProxy.java:211) ~[spring-security-web-5.5.1.jar:5.5.1]
	at org.springframework.security.web.FilterChainProxy.doFilter(FilterChainProxy.java:183) ~[spring-security-web-5.5.1.jar:5.5.1]
	at org.springframework.web.filter.DelegatingFilterProxy.invokeDelegate(DelegatingFilterProxy.java:358) ~[spring-web-5.3.9.jar:5.3.9]
	at org.springframework.web.filter.DelegatingFilterProxy.doFilter(DelegatingFilterProxy.java:271) ~[spring-web-5.3.9.jar:5.3.9]
	at org.apache.catalina.core.ApplicationFilterChain.internalDoFilter(ApplicationFilterChain.java:190) ~[tomcat-embed-core-9.0.50.jar:9.0.50]
	at org.apache.catalina.core.ApplicationFilterChain.doFilter(ApplicationFilterChain.java:163) ~[tomcat-embed-core-9.0.50.jar:9.0.50]
	at org.springframework.web.filter.RequestContextFilter.doFilterInternal(RequestContextFilter.java:100) ~[spring-web-5.3.9.jar:5.3.9]
	at org.springframework.web.filter.OncePerRequestFilter.doFilter(OncePerRequestFilter.java:119) ~[spring-web-5.3.9.jar:5.3.9]
	at org.apache.catalina.core.ApplicationFilterChain.internalDoFilter(ApplicationFilterChain.java:190) ~[tomcat-embed-core-9.0.50.jar:9.0.50]
	at org.apache.catalina.core.ApplicationFilterChain.doFilter(ApplicationFilterChain.java:163) ~[tomcat-embed-core-9.0.50.jar:9.0.50]
	at org.springframework.web.filter.FormContentFilter.doFilterInternal(FormContentFilter.java:93) ~[spring-web-5.3.9.jar:5.3.9]
	at org.springframework.web.filter.OncePerRequestFilter.doFilter(OncePerRequestFilter.java:119) ~[spring-web-5.3.9.jar:5.3.9]
	at org.apache.catalina.core.ApplicationFilterChain.internalDoFilter(ApplicationFilterChain.java:190) ~[tomcat-embed-core-9.0.50.jar:9.0.50]
	at org.apache.catalina.core.ApplicationFilterChain.doFilter(ApplicationFilterChain.java:163) ~[tomcat-embed-core-9.0.50.jar:9.0.50]
	at org.springframework.boot.actuate.metrics.web.servlet.WebMvcMetricsFilter.doFilterInternal(WebMvcMetricsFilter.java:96) ~[spring-boot-actuator-2.5.3.jar:2.5.3]
	at org.springframework.web.filter.OncePerRequestFilter.doFilter(OncePerRequestFilter.java:119) ~[spring-web-5.3.9.jar:5.3.9]
	at org.apache.catalina.core.ApplicationFilterChain.internalDoFilter(ApplicationFilterChain.java:190) ~[tomcat-embed-core-9.0.50.jar:9.0.50]
	at org.apache.catalina.core.ApplicationFilterChain.doFilter(ApplicationFilterChain.java:163) ~[tomcat-embed-core-9.0.50.jar:9.0.50]
	at org.springframework.web.filter.CharacterEncodingFilter.doFilterInternal(CharacterEncodingFilter.java:201) ~[spring-web-5.3.9.jar:5.3.9]
	at org.springframework.web.filter.OncePerRequestFilter.doFilter(OncePerRequestFilter.java:119) ~[spring-web-5.3.9.jar:5.3.9]
	at org.apache.catalina.core.ApplicationFilterChain.internalDoFilter(ApplicationFilterChain.java:190) ~[tomcat-embed-core-9.0.50.jar:9.0.50]
	at org.apache.catalina.core.ApplicationFilterChain.doFilter(ApplicationFilterChain.java:163) ~[tomcat-embed-core-9.0.50.jar:9.0.50]
	at org.apache.catalina.core.StandardWrapperValve.invoke(StandardWrapperValve.java:202) ~[tomcat-embed-core-9.0.50.jar:9.0.50]
	at org.apache.catalina.core.StandardContextValve.invoke(StandardContextValve.java:97) ~[tomcat-embed-core-9.0.50.jar:9.0.50]
	at org.apache.catalina.authenticator.AuthenticatorBase.invoke(AuthenticatorBase.java:542) ~[tomcat-embed-core-9.0.50.jar:9.0.50]
	at org.apache.catalina.core.StandardHostValve.invoke(StandardHostValve.java:143) ~[tomcat-embed-core-9.0.50.jar:9.0.50]
	at org.apache.catalina.valves.ErrorReportValve.invoke(ErrorReportValve.java:92) ~[tomcat-embed-core-9.0.50.jar:9.0.50]
	at org.apache.catalina.core.StandardEngineValve.invoke(StandardEngineValve.java:78) ~[tomcat-embed-core-9.0.50.jar:9.0.50]
	at org.apache.catalina.connector.CoyoteAdapter.service(CoyoteAdapter.java:357) ~[tomcat-embed-core-9.0.50.jar:9.0.50]
	at org.apache.coyote.http11.Http11Processor.service(Http11Processor.java:382) ~[tomcat-embed-core-9.0.50.jar:9.0.50]
	at org.apache.coyote.AbstractProcessorLight.process(AbstractProcessorLight.java:65) ~[tomcat-embed-core-9.0.50.jar:9.0.50]
	at org.apache.coyote.AbstractProtocol$ConnectionHandler.process(AbstractProtocol.java:893) ~[tomcat-embed-core-9.0.50.jar:9.0.50]
	at org.apache.tomcat.util.net.NioEndpoint$SocketProcessor.doRun(NioEndpoint.java:1723) ~[tomcat-embed-core-9.0.50.jar:9.0.50]
	at org.apache.tomcat.util.net.SocketProcessorBase.run(SocketProcessorBase.java:49) ~[tomcat-embed-core-9.0.50.jar:9.0.50]
	at java.base/java.util.concurrent.ThreadPoolExecutor.runWorker(ThreadPoolExecutor.java:1128) ~[na:na]
	at java.base/java.util.concurrent.ThreadPoolExecutor$Worker.run(ThreadPoolExecutor.java:628) ~[na:na]
	at org.apache.tomcat.util.threads.TaskThread$WrappingRunnable.run(TaskThread.java:61) ~[tomcat-embed-core-9.0.50.jar:9.0.50]
	at java.base/java.lang.Thread.run(Thread.java:829) ~[na:na]

2021-08-21 13:56:29.576  INFO 4326 --- [SpringApplicationShutdownHook] j.LocalContainerEntityManagerFactoryBean : Closing JPA EntityManagerFactory for persistence unit 'default'
2021-08-21 13:56:29.581  INFO 4326 --- [SpringApplicationShutdownHook] com.zaxxer.hikari.HikariDataSource       : HikariPool-1 - Shutdown initiated...
2021-08-21 13:56:29.613  INFO 4326 --- [SpringApplicationShutdownHook] com.zaxxer.hikari.HikariDataSource       : HikariPool-1 - Shutdown completed.
2021-08-21 13:56:32.060  INFO 4337 --- [restartedMain] com.hyecheon.antteshop.ApplicationKt     : Starting ApplicationKt using Java 11.0.12 on ihyecheon-ui-MacBookPro.local with PID 4337 (/Users/ihyecheon/Desktop/Work/github/AntteShop/out/production/classes started by ihyecheon in /Users/ihyecheon/Desktop/Work/github/AntteShop)
2021-08-21 13:56:32.061  INFO 4337 --- [restartedMain] com.hyecheon.antteshop.ApplicationKt     : No active profile set, falling back to default profiles: default
2021-08-21 13:56:32.087  INFO 4337 --- [restartedMain] .e.DevToolsPropertyDefaultsPostProcessor : Devtools property defaults active! Set 'spring.devtools.add-properties' to 'false' to disable
2021-08-21 13:56:32.087  INFO 4337 --- [restartedMain] .e.DevToolsPropertyDefaultsPostProcessor : For additional web related logging consider setting the 'logging.level.web' property to 'DEBUG'
2021-08-21 13:56:32.763  INFO 4337 --- [restartedMain] .s.d.r.c.RepositoryConfigurationDelegate : Bootstrapping Spring Data JPA repositories in DEFAULT mode.
2021-08-21 13:56:32.789  INFO 4337 --- [restartedMain] .s.d.r.c.RepositoryConfigurationDelegate : Finished Spring Data repository scanning in 23 ms. Found 2 JPA repository interfaces.
2021-08-21 13:56:33.114  INFO 4337 --- [restartedMain] o.s.b.w.embedded.tomcat.TomcatWebServer  : Tomcat initialized with port(s): 8080 (http)
2021-08-21 13:56:33.119  INFO 4337 --- [restartedMain] o.apache.catalina.core.StandardService   : Starting service [Tomcat]
2021-08-21 13:56:33.119  INFO 4337 --- [restartedMain] org.apache.catalina.core.StandardEngine  : Starting Servlet engine: [Apache Tomcat/9.0.50]
2021-08-21 13:56:33.166  INFO 4337 --- [restartedMain] o.a.c.c.C.[Tomcat].[localhost].[/]       : Initializing Spring embedded WebApplicationContext
2021-08-21 13:56:33.166  INFO 4337 --- [restartedMain] w.s.c.ServletWebServerApplicationContext : Root WebApplicationContext: initialization completed in 1079 ms
2021-08-21 13:56:33.291  INFO 4337 --- [restartedMain] com.zaxxer.hikari.HikariDataSource       : HikariPool-1 - Starting...
2021-08-21 13:56:33.342  INFO 4337 --- [restartedMain] com.zaxxer.hikari.HikariDataSource       : HikariPool-1 - Start completed.
2021-08-21 13:56:33.347  INFO 4337 --- [restartedMain] o.s.b.a.h2.H2ConsoleAutoConfiguration    : H2 console available at '/h2-console'. Database available at 'jdbc:mariadb://localhost:3306/antte-shop'
2021-08-21 13:56:33.474  INFO 4337 --- [restartedMain] o.hibernate.jpa.internal.util.LogHelper  : HHH000204: Processing PersistenceUnitInfo [name: default]
2021-08-21 13:56:33.501  INFO 4337 --- [restartedMain] org.hibernate.Version                    : HHH000412: Hibernate ORM core version 5.4.32.Final
2021-08-21 13:56:33.568  INFO 4337 --- [restartedMain] o.hibernate.annotations.common.Version   : HCANN000001: Hibernate Commons Annotations {5.1.2.Final}
2021-08-21 13:56:33.615  INFO 4337 --- [restartedMain] org.hibernate.dialect.Dialect            : HHH000400: Using dialect: org.hibernate.dialect.MariaDB103Dialect
2021-08-21 13:56:34.037  INFO 4337 --- [restartedMain] p6spy                                    : #1629521794037 | took 3ms | statement | connection 2| url jdbc:mariadb://localhost:3306/antte-shop
select table_name from information_schema.TABLES where table_schema = database() and table_type = 'SEQUENCE'
select table_name from information_schema.TABLES where table_schema = database() and table_type = 'SEQUENCE';
2021-08-21 13:56:34.070  INFO 4337 --- [restartedMain] o.h.e.t.j.p.i.JtaPlatformInitiator       : HHH000490: Using JtaPlatform implementation: [org.hibernate.engine.transaction.jta.platform.internal.NoJtaPlatform]
2021-08-21 13:56:34.074  INFO 4337 --- [restartedMain] j.LocalContainerEntityManagerFactoryBean : Initialized JPA EntityManagerFactory for persistence unit 'default'
2021-08-21 13:56:34.227  WARN 4337 --- [restartedMain] JpaBaseConfiguration$JpaWebConfiguration : spring.jpa.open-in-view is enabled by default. Therefore, database queries may be performed during view rendering. Explicitly configure spring.jpa.open-in-view to disable this warning
2021-08-21 13:56:34.455  INFO 4337 --- [restartedMain] .s.s.UserDetailsServiceAutoConfiguration : 

Using generated security password: d67a4a7d-3987-4341-8ff4-cbea7da9f256

2021-08-21 13:56:34.506  INFO 4337 --- [restartedMain] o.s.s.web.DefaultSecurityFilterChain     : Will secure any request with [org.springframework.security.web.context.request.async.WebAsyncManagerIntegrationFilter@1b728578, org.springframework.security.web.context.SecurityContextPersistenceFilter@5b393e9f, org.springframework.security.web.header.HeaderWriterFilter@145438f6, org.springframework.security.web.authentication.logout.LogoutFilter@97d3639, org.springframework.security.web.savedrequest.RequestCacheAwareFilter@76c53b71, org.springframework.security.web.servletapi.SecurityContextHolderAwareRequestFilter@68a3ac68, org.springframework.security.web.authentication.AnonymousAuthenticationFilter@6b11d909, org.springframework.security.web.session.SessionManagementFilter@1ad831bc, org.springframework.security.web.access.ExceptionTranslationFilter@16e5bbc9, org.springframework.security.web.access.intercept.FilterSecurityInterceptor@15a650e8]
2021-08-21 13:56:34.617  INFO 4337 --- [restartedMain] o.s.b.a.w.s.WelcomePageHandlerMapping    : Adding welcome page template: index
2021-08-21 13:57:10.300  INFO 4337 --- [restartedMain] o.s.b.d.a.OptionalLiveReloadServer       : LiveReload server is running on port 35729
2021-08-21 13:57:10.304  INFO 4337 --- [restartedMain] o.s.b.a.e.web.EndpointLinksResolver      : Exposing 1 endpoint(s) beneath base path '/actuator'
2021-08-21 13:57:10.346  INFO 4337 --- [restartedMain] o.s.b.w.embedded.tomcat.TomcatWebServer  : Tomcat started on port(s): 8080 (http) with context path ''
2021-08-21 13:57:10.359  INFO 4337 --- [restartedMain] com.hyecheon.antteshop.ApplicationKt     : Started ApplicationKt in 38.513 seconds (JVM running for 39.009)
2021-08-21 13:57:16.201  INFO 4337 --- [http-nio-8080-exec-1] o.a.c.c.C.[Tomcat].[localhost].[/]       : Initializing Spring DispatcherServlet 'dispatcherServlet'
2021-08-21 13:57:16.201  INFO 4337 --- [http-nio-8080-exec-1] o.s.web.servlet.DispatcherServlet        : Initializing Servlet 'dispatcherServlet'
2021-08-21 13:57:16.203  INFO 4337 --- [http-nio-8080-exec-1] o.s.web.servlet.DispatcherServlet        : Completed initialization in 2 ms
2021-08-21 13:57:16.242 ERROR 4337 --- [http-nio-8080-exec-1] o.a.c.c.C.[.[.[/].[dispatcherServlet]    : Servlet.service() for servlet [dispatcherServlet] in context with path [] threw exception

java.net.UnknownHostException: Users
	at java.base/java.net.AbstractPlainSocketImpl.connect(AbstractPlainSocketImpl.java:220) ~[na:na]
	at java.base/java.net.Socket.connect(Socket.java:609) ~[na:na]
	at java.base/sun.net.ftp.impl.FtpClient.doConnect(FtpClient.java:1062) ~[na:na]
	at java.base/sun.net.ftp.impl.FtpClient.tryConnect(FtpClient.java:1024) ~[na:na]
	at java.base/sun.net.ftp.impl.FtpClient.connect(FtpClient.java:1119) ~[na:na]
	at java.base/sun.net.ftp.impl.FtpClient.connect(FtpClient.java:1105) ~[na:na]
	at java.base/sun.net.www.protocol.ftp.FtpURLConnection.connect(FtpURLConnection.java:312) ~[na:na]
	at java.base/sun.net.www.protocol.ftp.FtpURLConnection.getInputStream(FtpURLConnection.java:418) ~[na:na]
	at org.springframework.core.io.UrlResource.getInputStream(UrlResource.java:186) ~[spring-core-5.3.9.jar:5.3.9]
	at org.springframework.http.converter.ResourceHttpMessageConverter.writeContent(ResourceHttpMessageConverter.java:135) ~[spring-web-5.3.9.jar:5.3.9]
	at org.springframework.http.converter.ResourceHttpMessageConverter.writeInternal(ResourceHttpMessageConverter.java:129) ~[spring-web-5.3.9.jar:5.3.9]
	at org.springframework.http.converter.ResourceHttpMessageConverter.writeInternal(ResourceHttpMessageConverter.java:45) ~[spring-web-5.3.9.jar:5.3.9]
	at org.springframework.http.converter.AbstractHttpMessageConverter.write(AbstractHttpMessageConverter.java:227) ~[spring-web-5.3.9.jar:5.3.9]
	at org.springframework.web.servlet.resource.ResourceHttpRequestHandler.handleRequest(ResourceHttpRequestHandler.java:555) ~[spring-webmvc-5.3.9.jar:5.3.9]
	at org.springframework.web.servlet.mvc.HttpRequestHandlerAdapter.handle(HttpRequestHandlerAdapter.java:52) ~[spring-webmvc-5.3.9.jar:5.3.9]
	at org.springframework.web.servlet.DispatcherServlet.doDispatch(DispatcherServlet.java:1064) ~[spring-webmvc-5.3.9.jar:5.3.9]
	at org.springframework.web.servlet.DispatcherServlet.doService(DispatcherServlet.java:963) ~[spring-webmvc-5.3.9.jar:5.3.9]
	at org.springframework.web.servlet.FrameworkServlet.processRequest(FrameworkServlet.java:1006) ~[spring-webmvc-5.3.9.jar:5.3.9]
	at org.springframework.web.servlet.FrameworkServlet.doGet(FrameworkServlet.java:898) ~[spring-webmvc-5.3.9.jar:5.3.9]
	at javax.servlet.http.HttpServlet.service(HttpServlet.java:655) ~[tomcat-embed-core-9.0.50.jar:4.0.FR]
	at org.springframework.web.servlet.FrameworkServlet.service(FrameworkServlet.java:883) ~[spring-webmvc-5.3.9.jar:5.3.9]
	at javax.servlet.http.HttpServlet.service(HttpServlet.java:764) ~[tomcat-embed-core-9.0.50.jar:4.0.FR]
	at org.apache.catalina.core.ApplicationFilterChain.internalDoFilter(ApplicationFilterChain.java:228) ~[tomcat-embed-core-9.0.50.jar:9.0.50]
	at org.apache.catalina.core.ApplicationFilterChain.doFilter(ApplicationFilterChain.java:163) ~[tomcat-embed-core-9.0.50.jar:9.0.50]
	at org.apache.tomcat.websocket.server.WsFilter.doFilter(WsFilter.java:53) ~[tomcat-embed-websocket-9.0.50.jar:9.0.50]
	at org.apache.catalina.core.ApplicationFilterChain.internalDoFilter(ApplicationFilterChain.java:190) ~[tomcat-embed-core-9.0.50.jar:9.0.50]
	at org.apache.catalina.core.ApplicationFilterChain.doFilter(ApplicationFilterChain.java:163) ~[tomcat-embed-core-9.0.50.jar:9.0.50]
	at org.springframework.security.web.FilterChainProxy$VirtualFilterChain.doFilter(FilterChainProxy.java:327) ~[spring-security-web-5.5.1.jar:5.5.1]
	at org.springframework.security.web.access.intercept.FilterSecurityInterceptor.invoke(FilterSecurityInterceptor.java:115) ~[spring-security-web-5.5.1.jar:5.5.1]
	at org.springframework.security.web.access.intercept.FilterSecurityInterceptor.doFilter(FilterSecurityInterceptor.java:81) ~[spring-security-web-5.5.1.jar:5.5.1]
	at org.springframework.security.web.FilterChainProxy$VirtualFilterChain.doFilter(FilterChainProxy.java:336) ~[spring-security-web-5.5.1.jar:5.5.1]
	at org.springframework.security.web.access.ExceptionTranslationFilter.doFilter(ExceptionTranslationFilter.java:121) ~[spring-security-web-5.5.1.jar:5.5.1]
	at org.springframework.security.web.access.ExceptionTranslationFilter.doFilter(ExceptionTranslationFilter.java:115) ~[spring-security-web-5.5.1.jar:5.5.1]
	at org.springframework.security.web.FilterChainProxy$VirtualFilterChain.doFilter(FilterChainProxy.java:336) ~[spring-security-web-5.5.1.jar:5.5.1]
	at org.springframework.security.web.session.SessionManagementFilter.doFilter(SessionManagementFilter.java:126) ~[spring-security-web-5.5.1.jar:5.5.1]
	at org.springframework.security.web.session.SessionManagementFilter.doFilter(SessionManagementFilter.java:81) ~[spring-security-web-5.5.1.jar:5.5.1]
	at org.springframework.security.web.FilterChainProxy$VirtualFilterChain.doFilter(FilterChainProxy.java:336) ~[spring-security-web-5.5.1.jar:5.5.1]
	at org.springframework.security.web.authentication.AnonymousAuthenticationFilter.doFilter(AnonymousAuthenticationFilter.java:105) ~[spring-security-web-5.5.1.jar:5.5.1]
	at org.springframework.security.web.FilterChainProxy$VirtualFilterChain.doFilter(FilterChainProxy.java:336) ~[spring-security-web-5.5.1.jar:5.5.1]
	at org.springframework.security.web.servletapi.SecurityContextHolderAwareRequestFilter.doFilter(SecurityContextHolderAwareRequestFilter.java:149) ~[spring-security-web-5.5.1.jar:5.5.1]
	at org.springframework.security.web.FilterChainProxy$VirtualFilterChain.doFilter(FilterChainProxy.java:336) ~[spring-security-web-5.5.1.jar:5.5.1]
	at org.springframework.security.web.savedrequest.RequestCacheAwareFilter.doFilter(RequestCacheAwareFilter.java:63) ~[spring-security-web-5.5.1.jar:5.5.1]
	at org.springframework.security.web.FilterChainProxy$VirtualFilterChain.doFilter(FilterChainProxy.java:336) ~[spring-security-web-5.5.1.jar:5.5.1]
	at org.springframework.security.web.authentication.logout.LogoutFilter.doFilter(LogoutFilter.java:103) ~[spring-security-web-5.5.1.jar:5.5.1]
	at org.springframework.security.web.authentication.logout.LogoutFilter.doFilter(LogoutFilter.java:89) ~[spring-security-web-5.5.1.jar:5.5.1]
	at org.springframework.security.web.FilterChainProxy$VirtualFilterChain.doFilter(FilterChainProxy.java:336) ~[spring-security-web-5.5.1.jar:5.5.1]
	at org.springframework.security.web.header.HeaderWriterFilter.doHeadersAfter(HeaderWriterFilter.java:90) ~[spring-security-web-5.5.1.jar:5.5.1]
	at org.springframework.security.web.header.HeaderWriterFilter.doFilterInternal(HeaderWriterFilter.java:75) ~[spring-security-web-5.5.1.jar:5.5.1]
	at org.springframework.web.filter.OncePerRequestFilter.doFilter(OncePerRequestFilter.java:119) ~[spring-web-5.3.9.jar:5.3.9]
	at org.springframework.security.web.FilterChainProxy$VirtualFilterChain.doFilter(FilterChainProxy.java:336) ~[spring-security-web-5.5.1.jar:5.5.1]
	at org.springframework.security.web.context.SecurityContextPersistenceFilter.doFilter(SecurityContextPersistenceFilter.java:110) ~[spring-security-web-5.5.1.jar:5.5.1]
	at org.springframework.security.web.context.SecurityContextPersistenceFilter.doFilter(SecurityContextPersistenceFilter.java:80) ~[spring-security-web-5.5.1.jar:5.5.1]
	at org.springframework.security.web.FilterChainProxy$VirtualFilterChain.doFilter(FilterChainProxy.java:336) ~[spring-security-web-5.5.1.jar:5.5.1]
	at org.springframework.security.web.context.request.async.WebAsyncManagerIntegrationFilter.doFilterInternal(WebAsyncManagerIntegrationFilter.java:55) ~[spring-security-web-5.5.1.jar:5.5.1]
	at org.springframework.web.filter.OncePerRequestFilter.doFilter(OncePerRequestFilter.java:119) ~[spring-web-5.3.9.jar:5.3.9]
	at org.springframework.security.web.FilterChainProxy$VirtualFilterChain.doFilter(FilterChainProxy.java:336) ~[spring-security-web-5.5.1.jar:5.5.1]
	at org.springframework.security.web.FilterChainProxy.doFilterInternal(FilterChainProxy.java:211) ~[spring-security-web-5.5.1.jar:5.5.1]
	at org.springframework.security.web.FilterChainProxy.doFilter(FilterChainProxy.java:183) ~[spring-security-web-5.5.1.jar:5.5.1]
	at org.springframework.web.filter.DelegatingFilterProxy.invokeDelegate(DelegatingFilterProxy.java:358) ~[spring-web-5.3.9.jar:5.3.9]
	at org.springframework.web.filter.DelegatingFilterProxy.doFilter(DelegatingFilterProxy.java:271) ~[spring-web-5.3.9.jar:5.3.9]
	at org.apache.catalina.core.ApplicationFilterChain.internalDoFilter(ApplicationFilterChain.java:190) ~[tomcat-embed-core-9.0.50.jar:9.0.50]
	at org.apache.catalina.core.ApplicationFilterChain.doFilter(ApplicationFilterChain.java:163) ~[tomcat-embed-core-9.0.50.jar:9.0.50]
	at org.springframework.web.filter.RequestContextFilter.doFilterInternal(RequestContextFilter.java:100) ~[spring-web-5.3.9.jar:5.3.9]
	at org.springframework.web.filter.OncePerRequestFilter.doFilter(OncePerRequestFilter.java:119) ~[spring-web-5.3.9.jar:5.3.9]
	at org.apache.catalina.core.ApplicationFilterChain.internalDoFilter(ApplicationFilterChain.java:190) ~[tomcat-embed-core-9.0.50.jar:9.0.50]
	at org.apache.catalina.core.ApplicationFilterChain.doFilter(ApplicationFilterChain.java:163) ~[tomcat-embed-core-9.0.50.jar:9.0.50]
	at org.springframework.web.filter.FormContentFilter.doFilterInternal(FormContentFilter.java:93) ~[spring-web-5.3.9.jar:5.3.9]
	at org.springframework.web.filter.OncePerRequestFilter.doFilter(OncePerRequestFilter.java:119) ~[spring-web-5.3.9.jar:5.3.9]
	at org.apache.catalina.core.ApplicationFilterChain.internalDoFilter(ApplicationFilterChain.java:190) ~[tomcat-embed-core-9.0.50.jar:9.0.50]
	at org.apache.catalina.core.ApplicationFilterChain.doFilter(ApplicationFilterChain.java:163) ~[tomcat-embed-core-9.0.50.jar:9.0.50]
	at org.springframework.boot.actuate.metrics.web.servlet.WebMvcMetricsFilter.doFilterInternal(WebMvcMetricsFilter.java:96) ~[spring-boot-actuator-2.5.3.jar:2.5.3]
	at org.springframework.web.filter.OncePerRequestFilter.doFilter(OncePerRequestFilter.java:119) ~[spring-web-5.3.9.jar:5.3.9]
	at org.apache.catalina.core.ApplicationFilterChain.internalDoFilter(ApplicationFilterChain.java:190) ~[tomcat-embed-core-9.0.50.jar:9.0.50]
	at org.apache.catalina.core.ApplicationFilterChain.doFilter(ApplicationFilterChain.java:163) ~[tomcat-embed-core-9.0.50.jar:9.0.50]
	at org.springframework.web.filter.CharacterEncodingFilter.doFilterInternal(CharacterEncodingFilter.java:201) ~[spring-web-5.3.9.jar:5.3.9]
	at org.springframework.web.filter.OncePerRequestFilter.doFilter(OncePerRequestFilter.java:119) ~[spring-web-5.3.9.jar:5.3.9]
	at org.apache.catalina.core.ApplicationFilterChain.internalDoFilter(ApplicationFilterChain.java:190) ~[tomcat-embed-core-9.0.50.jar:9.0.50]
	at org.apache.catalina.core.ApplicationFilterChain.doFilter(ApplicationFilterChain.java:163) ~[tomcat-embed-core-9.0.50.jar:9.0.50]
	at org.apache.catalina.core.StandardWrapperValve.invoke(StandardWrapperValve.java:202) ~[tomcat-embed-core-9.0.50.jar:9.0.50]
	at org.apache.catalina.core.StandardContextValve.invoke(StandardContextValve.java:97) ~[tomcat-embed-core-9.0.50.jar:9.0.50]
	at org.apache.catalina.authenticator.AuthenticatorBase.invoke(AuthenticatorBase.java:542) ~[tomcat-embed-core-9.0.50.jar:9.0.50]
	at org.apache.catalina.core.StandardHostValve.invoke(StandardHostValve.java:143) ~[tomcat-embed-core-9.0.50.jar:9.0.50]
	at org.apache.catalina.valves.ErrorReportValve.invoke(ErrorReportValve.java:92) ~[tomcat-embed-core-9.0.50.jar:9.0.50]
	at org.apache.catalina.core.StandardEngineValve.invoke(StandardEngineValve.java:78) ~[tomcat-embed-core-9.0.50.jar:9.0.50]
	at org.apache.catalina.connector.CoyoteAdapter.service(CoyoteAdapter.java:357) ~[tomcat-embed-core-9.0.50.jar:9.0.50]
	at org.apache.coyote.http11.Http11Processor.service(Http11Processor.java:382) ~[tomcat-embed-core-9.0.50.jar:9.0.50]
	at org.apache.coyote.AbstractProcessorLight.process(AbstractProcessorLight.java:65) ~[tomcat-embed-core-9.0.50.jar:9.0.50]
	at org.apache.coyote.AbstractProtocol$ConnectionHandler.process(AbstractProtocol.java:893) ~[tomcat-embed-core-9.0.50.jar:9.0.50]
	at org.apache.tomcat.util.net.NioEndpoint$SocketProcessor.doRun(NioEndpoint.java:1723) ~[tomcat-embed-core-9.0.50.jar:9.0.50]
	at org.apache.tomcat.util.net.SocketProcessorBase.run(SocketProcessorBase.java:49) ~[tomcat-embed-core-9.0.50.jar:9.0.50]
	at java.base/java.util.concurrent.ThreadPoolExecutor.runWorker(ThreadPoolExecutor.java:1128) ~[na:na]
	at java.base/java.util.concurrent.ThreadPoolExecutor$Worker.run(ThreadPoolExecutor.java:628) ~[na:na]
	at org.apache.tomcat.util.threads.TaskThread$WrappingRunnable.run(TaskThread.java:61) ~[tomcat-embed-core-9.0.50.jar:9.0.50]
	at java.base/java.lang.Thread.run(Thread.java:829) ~[na:na]

2021-08-21 13:57:32.723  INFO 4337 --- [SpringApplicationShutdownHook] j.LocalContainerEntityManagerFactoryBean : Closing JPA EntityManagerFactory for persistence unit 'default'
2021-08-21 13:57:32.727  INFO 4337 --- [SpringApplicationShutdownHook] com.zaxxer.hikari.HikariDataSource       : HikariPool-1 - Shutdown initiated...
2021-08-21 13:57:32.760  INFO 4337 --- [SpringApplicationShutdownHook] com.zaxxer.hikari.HikariDataSource       : HikariPool-1 - Shutdown completed.
2021-08-21 13:57:35.851  INFO 4834 --- [restartedMain] com.hyecheon.antteshop.ApplicationKt     : Starting ApplicationKt using Java 11.0.12 on ihyecheon-ui-MacBookPro.local with PID 4834 (/Users/ihyecheon/Desktop/Work/github/AntteShop/out/production/classes started by ihyecheon in /Users/ihyecheon/Desktop/Work/github/AntteShop)
2021-08-21 13:57:35.853  INFO 4834 --- [restartedMain] com.hyecheon.antteshop.ApplicationKt     : No active profile set, falling back to default profiles: default
2021-08-21 13:57:35.880  INFO 4834 --- [restartedMain] .e.DevToolsPropertyDefaultsPostProcessor : Devtools property defaults active! Set 'spring.devtools.add-properties' to 'false' to disable
2021-08-21 13:57:35.880  INFO 4834 --- [restartedMain] .e.DevToolsPropertyDefaultsPostProcessor : For additional web related logging consider setting the 'logging.level.web' property to 'DEBUG'
2021-08-21 13:57:36.491  INFO 4834 --- [restartedMain] .s.d.r.c.RepositoryConfigurationDelegate : Bootstrapping Spring Data JPA repositories in DEFAULT mode.
2021-08-21 13:57:36.520  INFO 4834 --- [restartedMain] .s.d.r.c.RepositoryConfigurationDelegate : Finished Spring Data repository scanning in 25 ms. Found 2 JPA repository interfaces.
2021-08-21 13:57:36.823  INFO 4834 --- [restartedMain] o.s.b.w.embedded.tomcat.TomcatWebServer  : Tomcat initialized with port(s): 8080 (http)
2021-08-21 13:57:36.827  INFO 4834 --- [restartedMain] o.apache.catalina.core.StandardService   : Starting service [Tomcat]
2021-08-21 13:57:36.827  INFO 4834 --- [restartedMain] org.apache.catalina.core.StandardEngine  : Starting Servlet engine: [Apache Tomcat/9.0.50]
2021-08-21 13:57:36.875  INFO 4834 --- [restartedMain] o.a.c.c.C.[Tomcat].[localhost].[/]       : Initializing Spring embedded WebApplicationContext
2021-08-21 13:57:36.875  INFO 4834 --- [restartedMain] w.s.c.ServletWebServerApplicationContext : Root WebApplicationContext: initialization completed in 994 ms
2021-08-21 13:57:36.953  INFO 4834 --- [restartedMain] com.zaxxer.hikari.HikariDataSource       : HikariPool-1 - Starting...
2021-08-21 13:57:37.008  INFO 4834 --- [restartedMain] com.zaxxer.hikari.HikariDataSource       : HikariPool-1 - Start completed.
2021-08-21 13:57:37.012  INFO 4834 --- [restartedMain] o.s.b.a.h2.H2ConsoleAutoConfiguration    : H2 console available at '/h2-console'. Database available at 'jdbc:mariadb://localhost:3306/antte-shop'
2021-08-21 13:57:37.104  INFO 4834 --- [restartedMain] o.hibernate.jpa.internal.util.LogHelper  : HHH000204: Processing PersistenceUnitInfo [name: default]
2021-08-21 13:57:37.123  INFO 4834 --- [restartedMain] org.hibernate.Version                    : HHH000412: Hibernate ORM core version 5.4.32.Final
2021-08-21 13:57:37.174  INFO 4834 --- [restartedMain] o.hibernate.annotations.common.Version   : HCANN000001: Hibernate Commons Annotations {5.1.2.Final}
2021-08-21 13:57:37.211  INFO 4834 --- [restartedMain] org.hibernate.dialect.Dialect            : HHH000400: Using dialect: org.hibernate.dialect.MariaDB103Dialect
2021-08-21 13:57:37.459  INFO 4834 --- [restartedMain] p6spy                                    : #1629521857459 | took 4ms | statement | connection 2| url jdbc:mariadb://localhost:3306/antte-shop
select table_name from information_schema.TABLES where table_schema = database() and table_type = 'SEQUENCE'
select table_name from information_schema.TABLES where table_schema = database() and table_type = 'SEQUENCE';
2021-08-21 13:57:37.486  INFO 4834 --- [restartedMain] o.h.e.t.j.p.i.JtaPlatformInitiator       : HHH000490: Using JtaPlatform implementation: [org.hibernate.engine.transaction.jta.platform.internal.NoJtaPlatform]
2021-08-21 13:57:37.491  INFO 4834 --- [restartedMain] j.LocalContainerEntityManagerFactoryBean : Initialized JPA EntityManagerFactory for persistence unit 'default'
2021-08-21 13:57:37.624  WARN 4834 --- [restartedMain] JpaBaseConfiguration$JpaWebConfiguration : spring.jpa.open-in-view is enabled by default. Therefore, database queries may be performed during view rendering. Explicitly configure spring.jpa.open-in-view to disable this warning
2021-08-21 13:57:37.765  INFO 4834 --- [restartedMain] .s.s.UserDetailsServiceAutoConfiguration : 

Using generated security password: b0d7ae88-1e23-488b-8f09-a5d15672f120

2021-08-21 13:57:37.803  INFO 4834 --- [restartedMain] o.s.s.web.DefaultSecurityFilterChain     : Will secure any request with [org.springframework.security.web.context.request.async.WebAsyncManagerIntegrationFilter@7e4e13ac, org.springframework.security.web.context.SecurityContextPersistenceFilter@2e7f997e, org.springframework.security.web.header.HeaderWriterFilter@7ec85a7a, org.springframework.security.web.authentication.logout.LogoutFilter@7dba995f, org.springframework.security.web.savedrequest.RequestCacheAwareFilter@738a01fa, org.springframework.security.web.servletapi.SecurityContextHolderAwareRequestFilter@3cb8b1a4, org.springframework.security.web.authentication.AnonymousAuthenticationFilter@7b91d59e, org.springframework.security.web.session.SessionManagementFilter@5cae3435, org.springframework.security.web.access.ExceptionTranslationFilter@4b621094, org.springframework.security.web.access.intercept.FilterSecurityInterceptor@7e1a66b8]
2021-08-21 13:57:37.903  INFO 4834 --- [restartedMain] o.s.b.a.w.s.WelcomePageHandlerMapping    : Adding welcome page template: index
2021-08-21 13:57:38.073  INFO 4834 --- [restartedMain] o.s.b.d.a.OptionalLiveReloadServer       : LiveReload server is running on port 35729
2021-08-21 13:57:38.076  INFO 4834 --- [restartedMain] o.s.b.a.e.web.EndpointLinksResolver      : Exposing 1 endpoint(s) beneath base path '/actuator'
2021-08-21 13:57:38.113  INFO 4834 --- [restartedMain] o.s.b.w.embedded.tomcat.TomcatWebServer  : Tomcat started on port(s): 8080 (http) with context path ''
2021-08-21 13:57:38.122  INFO 4834 --- [restartedMain] com.hyecheon.antteshop.ApplicationKt     : Started ApplicationKt in 2.465 seconds (JVM running for 2.83)
2021-08-21 13:57:40.930  INFO 4834 --- [http-nio-8080-exec-1] o.a.c.c.C.[Tomcat].[localhost].[/]       : Initializing Spring DispatcherServlet 'dispatcherServlet'
2021-08-21 13:57:40.930  INFO 4834 --- [http-nio-8080-exec-1] o.s.web.servlet.DispatcherServlet        : Initializing Servlet 'dispatcherServlet'
2021-08-21 13:57:40.932  INFO 4834 --- [http-nio-8080-exec-1] o.s.web.servlet.DispatcherServlet        : Completed initialization in 2 ms
2021-08-21 13:58:03.344  INFO 4834 --- [SpringApplicationShutdownHook] j.LocalContainerEntityManagerFactoryBean : Closing JPA EntityManagerFactory for persistence unit 'default'
2021-08-21 13:58:03.347  INFO 4834 --- [SpringApplicationShutdownHook] com.zaxxer.hikari.HikariDataSource       : HikariPool-1 - Shutdown initiated...
2021-08-21 13:58:03.370  INFO 4834 --- [SpringApplicationShutdownHook] com.zaxxer.hikari.HikariDataSource       : HikariPool-1 - Shutdown completed.
2021-08-21 14:23:02.897  INFO 5107 --- [restartedMain] com.hyecheon.antteshop.ApplicationKt     : Starting ApplicationKt using Java 11.0.12 on ihyecheon-ui-MacBookPro.local with PID 5107 (/Users/ihyecheon/Desktop/Work/github/AntteShop/out/production/classes started by ihyecheon in /Users/ihyecheon/Desktop/Work/github/AntteShop)
2021-08-21 14:23:02.901  INFO 5107 --- [restartedMain] com.hyecheon.antteshop.ApplicationKt     : No active profile set, falling back to default profiles: default
2021-08-21 14:23:02.975  INFO 5107 --- [restartedMain] .e.DevToolsPropertyDefaultsPostProcessor : Devtools property defaults active! Set 'spring.devtools.add-properties' to 'false' to disable
2021-08-21 14:23:02.976  INFO 5107 --- [restartedMain] .e.DevToolsPropertyDefaultsPostProcessor : For additional web related logging consider setting the 'logging.level.web' property to 'DEBUG'
2021-08-21 14:23:04.105  INFO 5107 --- [restartedMain] .s.d.r.c.RepositoryConfigurationDelegate : Bootstrapping Spring Data JPA repositories in DEFAULT mode.
2021-08-21 14:23:04.168  INFO 5107 --- [restartedMain] .s.d.r.c.RepositoryConfigurationDelegate : Finished Spring Data repository scanning in 56 ms. Found 2 JPA repository interfaces.
2021-08-21 14:23:04.784  INFO 5107 --- [restartedMain] o.s.b.w.embedded.tomcat.TomcatWebServer  : Tomcat initialized with port(s): 8080 (http)
2021-08-21 14:23:04.790  INFO 5107 --- [restartedMain] o.apache.catalina.core.StandardService   : Starting service [Tomcat]
2021-08-21 14:23:04.791  INFO 5107 --- [restartedMain] org.apache.catalina.core.StandardEngine  : Starting Servlet engine: [Apache Tomcat/9.0.50]
2021-08-21 14:23:04.841  INFO 5107 --- [restartedMain] o.a.c.c.C.[Tomcat].[localhost].[/]       : Initializing Spring embedded WebApplicationContext
2021-08-21 14:23:04.841  INFO 5107 --- [restartedMain] w.s.c.ServletWebServerApplicationContext : Root WebApplicationContext: initialization completed in 1864 ms
2021-08-21 14:23:04.945  INFO 5107 --- [restartedMain] com.zaxxer.hikari.HikariDataSource       : HikariPool-1 - Starting...
2021-08-21 14:23:05.053  INFO 5107 --- [restartedMain] com.zaxxer.hikari.HikariDataSource       : HikariPool-1 - Start completed.
2021-08-21 14:23:05.057  INFO 5107 --- [restartedMain] o.s.b.a.h2.H2ConsoleAutoConfiguration    : H2 console available at '/h2-console'. Database available at 'jdbc:mariadb://localhost:3306/antte-shop'
2021-08-21 14:23:05.168  INFO 5107 --- [restartedMain] o.hibernate.jpa.internal.util.LogHelper  : HHH000204: Processing PersistenceUnitInfo [name: default]
2021-08-21 14:23:05.193  INFO 5107 --- [restartedMain] org.hibernate.Version                    : HHH000412: Hibernate ORM core version 5.4.32.Final
2021-08-21 14:23:05.261  INFO 5107 --- [restartedMain] o.hibernate.annotations.common.Version   : HCANN000001: Hibernate Commons Annotations {5.1.2.Final}
2021-08-21 14:23:05.302  INFO 5107 --- [restartedMain] org.hibernate.dialect.Dialect            : HHH000400: Using dialect: org.hibernate.dialect.MariaDB103Dialect
2021-08-21 14:23:05.603  INFO 5107 --- [restartedMain] p6spy                                    : #1629523385603 | took 3ms | statement | connection 2| url jdbc:mariadb://localhost:3306/antte-shop
select table_name from information_schema.TABLES where table_schema = database() and table_type = 'SEQUENCE'
select table_name from information_schema.TABLES where table_schema = database() and table_type = 'SEQUENCE';
2021-08-21 14:23:05.631  INFO 5107 --- [restartedMain] o.h.e.t.j.p.i.JtaPlatformInitiator       : HHH000490: Using JtaPlatform implementation: [org.hibernate.engine.transaction.jta.platform.internal.NoJtaPlatform]
2021-08-21 14:23:05.635  INFO 5107 --- [restartedMain] j.LocalContainerEntityManagerFactoryBean : Initialized JPA EntityManagerFactory for persistence unit 'default'
2021-08-21 14:23:05.775  WARN 5107 --- [restartedMain] JpaBaseConfiguration$JpaWebConfiguration : spring.jpa.open-in-view is enabled by default. Therefore, database queries may be performed during view rendering. Explicitly configure spring.jpa.open-in-view to disable this warning
2021-08-21 14:23:05.948  INFO 5107 --- [restartedMain] .s.s.UserDetailsServiceAutoConfiguration : 

Using generated security password: dbd4113c-788a-4cdf-9a2f-9d9e8738d223

2021-08-21 14:23:05.994  INFO 5107 --- [restartedMain] o.s.s.web.DefaultSecurityFilterChain     : Will secure any request with [org.springframework.security.web.context.request.async.WebAsyncManagerIntegrationFilter@5a13da67, org.springframework.security.web.context.SecurityContextPersistenceFilter@51e69f1d, org.springframework.security.web.header.HeaderWriterFilter@3a1a2bea, org.springframework.security.web.authentication.logout.LogoutFilter@120affed, org.springframework.security.web.savedrequest.RequestCacheAwareFilter@683e672e, org.springframework.security.web.servletapi.SecurityContextHolderAwareRequestFilter@16e3624e, org.springframework.security.web.authentication.AnonymousAuthenticationFilter@123c4fb2, org.springframework.security.web.session.SessionManagementFilter@4428e149, org.springframework.security.web.access.ExceptionTranslationFilter@14cc1b41, org.springframework.security.web.access.intercept.FilterSecurityInterceptor@6414d2c5]
2021-08-21 14:23:06.124  INFO 5107 --- [restartedMain] o.s.b.a.w.s.WelcomePageHandlerMapping    : Adding welcome page template: index
2021-08-21 14:23:06.334  INFO 5107 --- [restartedMain] o.s.b.d.a.OptionalLiveReloadServer       : LiveReload server is running on port 35729
2021-08-21 14:23:06.337  INFO 5107 --- [restartedMain] o.s.b.a.e.web.EndpointLinksResolver      : Exposing 1 endpoint(s) beneath base path '/actuator'
2021-08-21 14:23:06.382  INFO 5107 --- [restartedMain] o.s.b.w.embedded.tomcat.TomcatWebServer  : Tomcat started on port(s): 8080 (http) with context path ''
2021-08-21 14:23:06.391  INFO 5107 --- [restartedMain] com.hyecheon.antteshop.ApplicationKt     : Started ApplicationKt in 3.928 seconds (JVM running for 4.52)
2021-08-21 14:23:08.242  INFO 5107 --- [SpringApplicationShutdownHook] j.LocalContainerEntityManagerFactoryBean : Closing JPA EntityManagerFactory for persistence unit 'default'
2021-08-21 14:23:08.245  INFO 5107 --- [SpringApplicationShutdownHook] com.zaxxer.hikari.HikariDataSource       : HikariPool-1 - Shutdown initiated...
2021-08-21 14:23:08.276  INFO 5107 --- [SpringApplicationShutdownHook] com.zaxxer.hikari.HikariDataSource       : HikariPool-1 - Shutdown completed.
